<?xml version="1.0" encoding="UTF-8"?>
<!-- Generated by org.testng.reporters.JUnitReportReporter -->
<testsuite hostname="SPBLRLAP-4743" failures="0" tests="1" name="com.test.user.UserManagementModule.AllScenarios_CollectionAgencyRoleMangement" time="821.520" errors="0" timestamp="2024-12-06T12:39:55 IST" skipped="0">
  <testcase classname="com.test.user.UserManagementModule.AllScenarios_CollectionAgencyRoleMangement" name="RUNALL" time="821.520"/>
  <system-out/>
</testsuite> <!-- com.test.user.UserManagementModule.AllScenarios_CollectionAgencyRoleMangement -->
