<?xml version="1.0" encoding="UTF-8"?>
<!-- Generated by org.testng.reporters.JUnitReportReporter -->
<testsuite hostname="SPBLRLAP-4743" failures="0" tests="1" name="com.test.user.UserManagementModule.AllScenarios_CollectionAgencyRoleMangement" time="408.948" errors="0" timestamp="2024-12-26T12:36:05 IST" skipped="0">
  <testcase classname="com.test.user.UserManagementModule.AllScenarios_CollectionAgencyRoleMangement" name="RUNALL" time="408.948"/>
  <system-out/>
</testsuite> <!-- com.test.user.UserManagementModule.AllScenarios_CollectionAgencyRoleMangement -->
