<?xml version="1.0" encoding="UTF-8"?>
<!-- Generated by org.testng.reporters.JUnitReportReporter -->
<testsuite hostname="SPBLRLAP-4743" failures="0" tests="3" name="com.test.LeaveModule.AllScenarios_EWCLeaveModule" time="214.796" errors="0" timestamp="2024-11-20T19:21:17 IST" skipped="0">
  <testcase classname="com.test.LeaveModule.AllScenarios_EWCLeaveModule" name="RUNALL" time="0.001"/>
  <system-out/>
  <testcase classname="com.test.LeaveModule.AllScenarios_EWCLeaveModule" name="RUNALL" time="214.793"/>
  <system-out/>
  <testcase classname="com.test.LeaveModule.AllScenarios_EWCLeaveModule" name="RUNALL" time="0.002"/>
  <system-out/>
</testsuite> <!-- com.test.LeaveModule.AllScenarios_EWCLeaveModule -->
