<?xml version="1.0" encoding="UTF-8"?>
<!-- Generated by org.testng.reporters.JUnitReportReporter -->
<testsuite hostname="SPBLRLAP-4743" failures="0" tests="1" name="com.test.user.UserManagementModule.AllScenarios_UserManagementModule" time="686.470" errors="0" timestamp="2024-12-05T13:00:31 IST" skipped="0">
  <testcase classname="com.test.user.UserManagementModule.AllScenarios_UserManagementModule" name="RUNALL" time="686.470"/>
  <system-out/>
</testsuite> <!-- com.test.user.UserManagementModule.AllScenarios_UserManagementModule -->
