<?xml version="1.0" encoding="UTF-8"?>
<!-- Generated by org.testng.reporters.JUnitReportReporter -->
<testsuite hostname="SPBLRLAP-4743" failures="0" tests="1" name="com.test.user.UserManagementModule.AllScenarios_CollectionAgencyRoleMangement" time="301.553" errors="0" timestamp="2024-12-28T14:10:12 IST" skipped="0">
  <testcase classname="com.test.user.UserManagementModule.AllScenarios_CollectionAgencyRoleMangement" name="RUNALL" time="301.553"/>
  <system-out/>
</testsuite> <!-- com.test.user.UserManagementModule.AllScenarios_CollectionAgencyRoleMangement -->
