<?xml version="1.0" encoding="UTF-8"?>
<!-- Generated by org.testng.reporters.JUnitReportReporter -->
<testsuite hostname="SPBLRLAP-4743" failures="0" tests="1" name="com.test.user.TimesheetModule.AllScenarios_TimesheetListModule" time="263.726" errors="0" timestamp="2024-11-21T06:47:29 IST" skipped="0">
  <testcase classname="com.test.user.TimesheetModule.AllScenarios_TimesheetListModule" name="RUNALL" time="263.726"/>
  <system-out/>
</testsuite> <!-- com.test.user.TimesheetModule.AllScenarios_TimesheetListModule -->
